[INFO  - 2017-10-12T15:04:59.128Z] GhostDriver - Main - running on port 28933
[INFO  - 2017-10-12T15:04:59.497Z] Session [b7499950-af5e-11e7-83c5-15efd2fede83] - page.settings - {"XSSAuditingEnabled":false,"javascriptCanCloseWindows":true,"javascriptCanOpenWindows":true,"javascriptEnabled":true,"loadImages":true,"localToRemoteUrlAccessEnabled":false,"userAgent":"Mozilla/5.0 (Unknown; Linux x86_64) AppleWebKit/538.1 (KHTML, like Gecko) PhantomJS/2.1.1 Safari/538.1","webSecurityEnabled":true}
[INFO  - 2017-10-12T15:04:59.498Z] Session [b7499950-af5e-11e7-83c5-15efd2fede83] - page.customHeaders:  - {}
[INFO  - 2017-10-12T15:04:59.499Z] Session [b7499950-af5e-11e7-83c5-15efd2fede83] - Session.negotiatedCapabilities - {"browserName":"phantomjs","version":"2.1.1","driverName":"ghostdriver","driverVersion":"1.2.0","platform":"linux-unknown-64bit","javascriptEnabled":true,"takesScreenshot":true,"handlesAlerts":false,"databaseEnabled":false,"locationContextEnabled":false,"applicationCacheEnabled":false,"browserConnectionEnabled":false,"cssSelectorsEnabled":true,"webStorageEnabled":false,"rotatable":false,"acceptSslCerts":false,"nativeEvents":true,"proxy":{"proxyType":"direct"}}
[INFO  - 2017-10-12T15:04:59.500Z] SessionManagerReqHand - _postNewSessionCommand - New Session Created: b7499950-af5e-11e7-83c5-15efd2fede83
[INFO  - 2017-10-12T15:05:00.410Z] ShutdownReqHand - _handle - About to shutdown
[INFO  - 2017-10-16T13:22:58.524Z] GhostDriver - Main - running on port 23555
[INFO  - 2017-10-16T13:22:58.819Z] Session [20baf2d0-b275-11e7-a29b-b9b9b476cb83] - page.settings - {"XSSAuditingEnabled":false,"javascriptCanCloseWindows":true,"javascriptCanOpenWindows":true,"javascriptEnabled":true,"loadImages":true,"localToRemoteUrlAccessEnabled":false,"userAgent":"Mozilla/5.0 (Unknown; Linux x86_64) AppleWebKit/538.1 (KHTML, like Gecko) PhantomJS/2.1.1 Safari/538.1","webSecurityEnabled":true}
[INFO  - 2017-10-16T13:22:58.819Z] Session [20baf2d0-b275-11e7-a29b-b9b9b476cb83] - page.customHeaders:  - {}
[INFO  - 2017-10-16T13:22:58.820Z] Session [20baf2d0-b275-11e7-a29b-b9b9b476cb83] - Session.negotiatedCapabilities - {"browserName":"phantomjs","version":"2.1.1","driverName":"ghostdriver","driverVersion":"1.2.0","platform":"linux-unknown-64bit","javascriptEnabled":true,"takesScreenshot":true,"handlesAlerts":false,"databaseEnabled":false,"locationContextEnabled":false,"applicationCacheEnabled":false,"browserConnectionEnabled":false,"cssSelectorsEnabled":true,"webStorageEnabled":false,"rotatable":false,"acceptSslCerts":false,"nativeEvents":true,"proxy":{"proxyType":"direct"}}
[INFO  - 2017-10-16T13:22:58.821Z] SessionManagerReqHand - _postNewSessionCommand - New Session Created: 20baf2d0-b275-11e7-a29b-b9b9b476cb83
[INFO  - 2017-10-16T13:22:59.998Z] ShutdownReqHand - _handle - About to shutdown
[INFO  - 2017-10-16T18:05:23.914Z] GhostDriver - Main - running on port 11238
[INFO  - 2017-10-16T18:05:25.227Z] Session [9593c060-b29c-11e7-85ba-b566df3085a1] - page.settings - {"XSSAuditingEnabled":false,"javascriptCanCloseWindows":true,"javascriptCanOpenWindows":true,"javascriptEnabled":true,"loadImages":true,"localToRemoteUrlAccessEnabled":false,"userAgent":"Mozilla/5.0 (Unknown; Linux x86_64) AppleWebKit/538.1 (KHTML, like Gecko) PhantomJS/2.1.1 Safari/538.1","webSecurityEnabled":true}
[INFO  - 2017-10-16T18:05:25.227Z] Session [9593c060-b29c-11e7-85ba-b566df3085a1] - page.customHeaders:  - {}
[INFO  - 2017-10-16T18:05:25.228Z] Session [9593c060-b29c-11e7-85ba-b566df3085a1] - Session.negotiatedCapabilities - {"browserName":"phantomjs","version":"2.1.1","driverName":"ghostdriver","driverVersion":"1.2.0","platform":"linux-unknown-64bit","javascriptEnabled":true,"takesScreenshot":true,"handlesAlerts":false,"databaseEnabled":false,"locationContextEnabled":false,"applicationCacheEnabled":false,"browserConnectionEnabled":false,"cssSelectorsEnabled":true,"webStorageEnabled":false,"rotatable":false,"acceptSslCerts":false,"nativeEvents":true,"proxy":{"proxyType":"direct"}}
[INFO  - 2017-10-16T18:05:25.228Z] SessionManagerReqHand - _postNewSessionCommand - New Session Created: 9593c060-b29c-11e7-85ba-b566df3085a1
[INFO  - 2017-10-16T18:05:26.837Z] ShutdownReqHand - _handle - About to shutdown
[INFO  - 2017-10-16T18:39:56.555Z] GhostDriver - Main - running on port 14709
[INFO  - 2017-10-16T18:39:57.674Z] Session [68da3860-b2a1-11e7-b78f-d94fc658f5bb] - page.settings - {"XSSAuditingEnabled":false,"javascriptCanCloseWindows":true,"javascriptCanOpenWindows":true,"javascriptEnabled":true,"loadImages":true,"localToRemoteUrlAccessEnabled":false,"userAgent":"Mozilla/5.0 (Unknown; Linux x86_64) AppleWebKit/538.1 (KHTML, like Gecko) PhantomJS/2.1.1 Safari/538.1","webSecurityEnabled":true}
[INFO  - 2017-10-16T18:39:57.674Z] Session [68da3860-b2a1-11e7-b78f-d94fc658f5bb] - page.customHeaders:  - {}
[INFO  - 2017-10-16T18:39:57.674Z] Session [68da3860-b2a1-11e7-b78f-d94fc658f5bb] - Session.negotiatedCapabilities - {"browserName":"phantomjs","version":"2.1.1","driverName":"ghostdriver","driverVersion":"1.2.0","platform":"linux-unknown-64bit","javascriptEnabled":true,"takesScreenshot":true,"handlesAlerts":false,"databaseEnabled":false,"locationContextEnabled":false,"applicationCacheEnabled":false,"browserConnectionEnabled":false,"cssSelectorsEnabled":true,"webStorageEnabled":false,"rotatable":false,"acceptSslCerts":false,"nativeEvents":true,"proxy":{"proxyType":"direct"}}
[INFO  - 2017-10-16T18:39:57.674Z] SessionManagerReqHand - _postNewSessionCommand - New Session Created: 68da3860-b2a1-11e7-b78f-d94fc658f5bb
[INFO  - 2017-10-16T18:39:58.841Z] ShutdownReqHand - _handle - About to shutdown
